<?xml version="1.0" encoding="UTF-8"?>
<!-- Generated by org.testng.reporters.JUnitXMLReporter -->
<testsuite ignored="0" hostname="ASUS-PC" failures="0" tests="6" name="Default test" time="92.491" errors="0" timestamp="2021-04-11T23:26:32 IST">
  <testcase classname="com.hrs.qa.testcases.LoginPageTest" name="loginPageTitleTest" time="0.034"/>
  <testcase classname="com.hrs.qa.testcases.LoginPageTest" name="InvalidLoginTest" time="3.914"/>
  <testcase classname="com.hrs.qa.testcases.LoginPageTest" name="HRSLogoImageTest" time="0.151"/>
  <testcase classname="com.hrs.qa.testcases.LoginPageTest" name="ShowHidePasswordButtonTest" time="0.126"/>
  <testcase classname="com.hrs.qa.testcases.LoginPageTest" name="ForgotPasswordLinkTest" time="0.106"/>
  <testcase classname="com.hrs.qa.testcases.LoginPageTest" name="HealthRecoverySolutionLinkTest" time="0.167"/>
</testsuite> <!-- Default test -->
