<?xml version="1.0" encoding="UTF-8"?>
<!-- Generated by org.testng.reporters.JUnitXMLReporter -->
<testsuite ignored="0" hostname="ASUS-PC" failures="0" tests="6" name="Default test" time="128.043" errors="0" timestamp="2021-04-12T17:59:14 IST">
  <testcase classname="com.hrs.qa.testcases.LoginPageTest" name="loginPageTitleTest" time="6.047"/>
  <testcase classname="com.hrs.qa.testcases.LoginPageTest" name="InvalidLoginTest" time="5.237"/>
  <testcase classname="com.hrs.qa.testcases.LoginPageTest" name="HRSLogoImageTest" time="0.096"/>
  <testcase classname="com.hrs.qa.testcases.LoginPageTest" name="ShowHidePasswordButtonTest" time="0.172"/>
  <testcase classname="com.hrs.qa.testcases.LoginPageTest" name="ForgotPasswordLinkTest" time="0.13"/>
  <testcase classname="com.hrs.qa.testcases.LoginPageTest" name="HealthRecoverySolutionLinkTest" time="0.11"/>
</testsuite> <!-- Default test -->
