<?xml version="1.0" encoding="UTF-8"?>
<testng-results ignored="0" total="6" passed="6" failed="0" skipped="0">
  <reporter-output>
  </reporter-output>
  <suite started-at="2021-04-12T17:57:06 IST" name="Default suite" finished-at="2021-04-12T17:59:14 IST" duration-ms="128043">
    <groups>
    </groups>
    <test started-at="2021-04-12T17:57:06 IST" name="Default test" finished-at="2021-04-12T17:59:14 IST" duration-ms="128043">
      <class name="com.hrs.qa.testcases.LoginPageTest">
        <test-method is-config="true" signature="setUp()[pri:0, instance:com.hrs.qa.testcases.LoginPageTest@9353778]" started-at="2021-04-12T17:57:06 IST" name="setUp" finished-at="2021-04-12T17:57:58 IST" duration-ms="52391" status="PASS">
          <reporter-output>
          </reporter-output>
        </test-method> <!-- setUp -->
        <test-method signature="loginPageTitleTest()[pri:1, instance:com.hrs.qa.testcases.LoginPageTest@9353778]" started-at="2021-04-12T17:57:58 IST" name="loginPageTitleTest" finished-at="2021-04-12T17:58:04 IST" duration-ms="6047" status="PASS">
          <reporter-output>
          </reporter-output>
        </test-method> <!-- loginPageTitleTest -->
        <test-method is-config="true" signature="tearDown()[pri:0, instance:com.hrs.qa.testcases.LoginPageTest@9353778]" started-at="2021-04-12T17:58:04 IST" name="tearDown" finished-at="2021-04-12T17:58:05 IST" duration-ms="831" status="PASS">
          <reporter-output>
          </reporter-output>
        </test-method> <!-- tearDown -->
        <test-method is-config="true" signature="setUp()[pri:0, instance:com.hrs.qa.testcases.LoginPageTest@9353778]" started-at="2021-04-12T17:58:05 IST" name="setUp" finished-at="2021-04-12T17:58:18 IST" duration-ms="13213" status="PASS">
          <reporter-output>
          </reporter-output>
        </test-method> <!-- setUp -->
        <test-method signature="InvalidLoginTest()[pri:2, instance:com.hrs.qa.testcases.LoginPageTest@9353778]" started-at="2021-04-12T17:58:18 IST" name="InvalidLoginTest" finished-at="2021-04-12T17:58:24 IST" duration-ms="5237" status="PASS">
          <reporter-output>
          </reporter-output>
        </test-method> <!-- InvalidLoginTest -->
        <test-method is-config="true" signature="tearDown()[pri:0, instance:com.hrs.qa.testcases.LoginPageTest@9353778]" started-at="2021-04-12T17:58:24 IST" name="tearDown" finished-at="2021-04-12T17:58:25 IST" duration-ms="1320" status="PASS">
          <reporter-output>
          </reporter-output>
        </test-method> <!-- tearDown -->
        <test-method is-config="true" signature="setUp()[pri:0, instance:com.hrs.qa.testcases.LoginPageTest@9353778]" started-at="2021-04-12T17:58:25 IST" name="setUp" finished-at="2021-04-12T17:58:35 IST" duration-ms="10237" status="PASS">
          <reporter-output>
          </reporter-output>
        </test-method> <!-- setUp -->
        <test-method signature="HRSLogoImageTest()[pri:3, instance:com.hrs.qa.testcases.LoginPageTest@9353778]" started-at="2021-04-12T17:58:35 IST" name="HRSLogoImageTest" finished-at="2021-04-12T17:58:35 IST" duration-ms="96" status="PASS">
          <reporter-output>
          </reporter-output>
        </test-method> <!-- HRSLogoImageTest -->
        <test-method is-config="true" signature="tearDown()[pri:0, instance:com.hrs.qa.testcases.LoginPageTest@9353778]" started-at="2021-04-12T17:58:35 IST" name="tearDown" finished-at="2021-04-12T17:58:37 IST" duration-ms="1647" status="PASS">
          <reporter-output>
          </reporter-output>
        </test-method> <!-- tearDown -->
        <test-method is-config="true" signature="setUp()[pri:0, instance:com.hrs.qa.testcases.LoginPageTest@9353778]" started-at="2021-04-12T17:58:37 IST" name="setUp" finished-at="2021-04-12T17:58:50 IST" duration-ms="12765" status="PASS">
          <reporter-output>
          </reporter-output>
        </test-method> <!-- setUp -->
        <test-method signature="ShowHidePasswordButtonTest()[pri:4, instance:com.hrs.qa.testcases.LoginPageTest@9353778]" started-at="2021-04-12T17:58:50 IST" name="ShowHidePasswordButtonTest" finished-at="2021-04-12T17:58:50 IST" duration-ms="172" status="PASS">
          <reporter-output>
          </reporter-output>
        </test-method> <!-- ShowHidePasswordButtonTest -->
        <test-method is-config="true" signature="tearDown()[pri:0, instance:com.hrs.qa.testcases.LoginPageTest@9353778]" started-at="2021-04-12T17:58:50 IST" name="tearDown" finished-at="2021-04-12T17:58:51 IST" duration-ms="841" status="PASS">
          <reporter-output>
          </reporter-output>
        </test-method> <!-- tearDown -->
        <test-method is-config="true" signature="setUp()[pri:0, instance:com.hrs.qa.testcases.LoginPageTest@9353778]" started-at="2021-04-12T17:58:51 IST" name="setUp" finished-at="2021-04-12T17:59:01 IST" duration-ms="10736" status="PASS">
          <reporter-output>
          </reporter-output>
        </test-method> <!-- setUp -->
        <test-method signature="ForgotPasswordLinkTest()[pri:5, instance:com.hrs.qa.testcases.LoginPageTest@9353778]" started-at="2021-04-12T17:59:01 IST" name="ForgotPasswordLinkTest" finished-at="2021-04-12T17:59:01 IST" duration-ms="130" status="PASS">
          <reporter-output>
          </reporter-output>
        </test-method> <!-- ForgotPasswordLinkTest -->
        <test-method is-config="true" signature="tearDown()[pri:0, instance:com.hrs.qa.testcases.LoginPageTest@9353778]" started-at="2021-04-12T17:59:01 IST" name="tearDown" finished-at="2021-04-12T17:59:03 IST" duration-ms="1090" status="PASS">
          <reporter-output>
          </reporter-output>
        </test-method> <!-- tearDown -->
        <test-method is-config="true" signature="setUp()[pri:0, instance:com.hrs.qa.testcases.LoginPageTest@9353778]" started-at="2021-04-12T17:59:03 IST" name="setUp" finished-at="2021-04-12T17:59:13 IST" duration-ms="10121" status="PASS">
          <reporter-output>
          </reporter-output>
        </test-method> <!-- setUp -->
        <test-method signature="HealthRecoverySolutionLinkTest()[pri:6, instance:com.hrs.qa.testcases.LoginPageTest@9353778]" started-at="2021-04-12T17:59:13 IST" name="HealthRecoverySolutionLinkTest" finished-at="2021-04-12T17:59:13 IST" duration-ms="110" status="PASS">
          <reporter-output>
          </reporter-output>
        </test-method> <!-- HealthRecoverySolutionLinkTest -->
        <test-method is-config="true" signature="tearDown()[pri:0, instance:com.hrs.qa.testcases.LoginPageTest@9353778]" started-at="2021-04-12T17:59:13 IST" name="tearDown" finished-at="2021-04-12T17:59:14 IST" duration-ms="951" status="PASS">
          <reporter-output>
          </reporter-output>
        </test-method> <!-- tearDown -->
      </class> <!-- com.hrs.qa.testcases.LoginPageTest -->
    </test> <!-- Default test -->
  </suite> <!-- Default suite -->
</testng-results>
