<?xml version="1.0" encoding="UTF-8"?>
<testng-results ignored="0" total="6" passed="6" failed="0" skipped="0">
  <reporter-output>
  </reporter-output>
  <suite started-at="2021-04-11T23:24:59 IST" name="Default suite" finished-at="2021-04-11T23:26:32 IST" duration-ms="92491">
    <groups>
    </groups>
    <test started-at="2021-04-11T23:24:59 IST" name="Default test" finished-at="2021-04-11T23:26:32 IST" duration-ms="92491">
      <class name="com.hrs.qa.testcases.LoginPageTest">
        <test-method is-config="true" signature="setUp()[pri:0, instance:com.hrs.qa.testcases.LoginPageTest@9353778]" started-at="2021-04-11T23:24:59 IST" name="setUp" finished-at="2021-04-11T23:25:23 IST" duration-ms="23989" status="PASS">
          <reporter-output>
          </reporter-output>
        </test-method> <!-- setUp -->
        <test-method signature="loginPageTitleTest()[pri:1, instance:com.hrs.qa.testcases.LoginPageTest@9353778]" started-at="2021-04-11T23:25:23 IST" name="loginPageTitleTest" finished-at="2021-04-11T23:25:23 IST" duration-ms="34" status="PASS">
          <reporter-output>
          </reporter-output>
        </test-method> <!-- loginPageTitleTest -->
        <test-method is-config="true" signature="tearDown()[pri:0, instance:com.hrs.qa.testcases.LoginPageTest@9353778]" started-at="2021-04-11T23:25:23 IST" name="tearDown" finished-at="2021-04-11T23:25:24 IST" duration-ms="691" status="PASS">
          <reporter-output>
          </reporter-output>
        </test-method> <!-- tearDown -->
        <test-method is-config="true" signature="setUp()[pri:0, instance:com.hrs.qa.testcases.LoginPageTest@9353778]" started-at="2021-04-11T23:25:24 IST" name="setUp" finished-at="2021-04-11T23:25:37 IST" duration-ms="13083" status="PASS">
          <reporter-output>
          </reporter-output>
        </test-method> <!-- setUp -->
        <test-method signature="InvalidLoginTest()[pri:2, instance:com.hrs.qa.testcases.LoginPageTest@9353778]" started-at="2021-04-11T23:25:37 IST" name="InvalidLoginTest" finished-at="2021-04-11T23:25:41 IST" duration-ms="3914" status="PASS">
          <reporter-output>
          </reporter-output>
        </test-method> <!-- InvalidLoginTest -->
        <test-method is-config="true" signature="tearDown()[pri:0, instance:com.hrs.qa.testcases.LoginPageTest@9353778]" started-at="2021-04-11T23:25:41 IST" name="tearDown" finished-at="2021-04-11T23:25:42 IST" duration-ms="1577" status="PASS">
          <reporter-output>
          </reporter-output>
        </test-method> <!-- tearDown -->
        <test-method is-config="true" signature="setUp()[pri:0, instance:com.hrs.qa.testcases.LoginPageTest@9353778]" started-at="2021-04-11T23:25:42 IST" name="setUp" finished-at="2021-04-11T23:25:52 IST" duration-ms="9481" status="PASS">
          <reporter-output>
          </reporter-output>
        </test-method> <!-- setUp -->
        <test-method signature="HRSLogoImageTest()[pri:3, instance:com.hrs.qa.testcases.LoginPageTest@9353778]" started-at="2021-04-11T23:25:52 IST" name="HRSLogoImageTest" finished-at="2021-04-11T23:25:52 IST" duration-ms="151" status="PASS">
          <reporter-output>
          </reporter-output>
        </test-method> <!-- HRSLogoImageTest -->
        <test-method is-config="true" signature="tearDown()[pri:0, instance:com.hrs.qa.testcases.LoginPageTest@9353778]" started-at="2021-04-11T23:25:52 IST" name="tearDown" finished-at="2021-04-11T23:25:53 IST" duration-ms="1021" status="PASS">
          <reporter-output>
          </reporter-output>
        </test-method> <!-- tearDown -->
        <test-method is-config="true" signature="setUp()[pri:0, instance:com.hrs.qa.testcases.LoginPageTest@9353778]" started-at="2021-04-11T23:25:53 IST" name="setUp" finished-at="2021-04-11T23:26:06 IST" duration-ms="12511" status="PASS">
          <reporter-output>
          </reporter-output>
        </test-method> <!-- setUp -->
        <test-method signature="ShowHidePasswordButtonTest()[pri:4, instance:com.hrs.qa.testcases.LoginPageTest@9353778]" started-at="2021-04-11T23:26:06 IST" name="ShowHidePasswordButtonTest" finished-at="2021-04-11T23:26:06 IST" duration-ms="126" status="PASS">
          <reporter-output>
          </reporter-output>
        </test-method> <!-- ShowHidePasswordButtonTest -->
        <test-method is-config="true" signature="tearDown()[pri:0, instance:com.hrs.qa.testcases.LoginPageTest@9353778]" started-at="2021-04-11T23:26:06 IST" name="tearDown" finished-at="2021-04-11T23:26:06 IST" duration-ms="821" status="PASS">
          <reporter-output>
          </reporter-output>
        </test-method> <!-- tearDown -->
        <test-method is-config="true" signature="setUp()[pri:0, instance:com.hrs.qa.testcases.LoginPageTest@9353778]" started-at="2021-04-11T23:26:06 IST" name="setUp" finished-at="2021-04-11T23:26:20 IST" duration-ms="13396" status="PASS">
          <reporter-output>
          </reporter-output>
        </test-method> <!-- setUp -->
        <test-method signature="ForgotPasswordLinkTest()[pri:5, instance:com.hrs.qa.testcases.LoginPageTest@9353778]" started-at="2021-04-11T23:26:20 IST" name="ForgotPasswordLinkTest" finished-at="2021-04-11T23:26:20 IST" duration-ms="106" status="PASS">
          <reporter-output>
          </reporter-output>
        </test-method> <!-- ForgotPasswordLinkTest -->
        <test-method is-config="true" signature="tearDown()[pri:0, instance:com.hrs.qa.testcases.LoginPageTest@9353778]" started-at="2021-04-11T23:26:20 IST" name="tearDown" finished-at="2021-04-11T23:26:22 IST" duration-ms="2057" status="PASS">
          <reporter-output>
          </reporter-output>
        </test-method> <!-- tearDown -->
        <test-method is-config="true" signature="setUp()[pri:0, instance:com.hrs.qa.testcases.LoginPageTest@9353778]" started-at="2021-04-11T23:26:22 IST" name="setUp" finished-at="2021-04-11T23:26:30 IST" duration-ms="8385" status="PASS">
          <reporter-output>
          </reporter-output>
        </test-method> <!-- setUp -->
        <test-method signature="HealthRecoverySolutionLinkTest()[pri:6, instance:com.hrs.qa.testcases.LoginPageTest@9353778]" started-at="2021-04-11T23:26:30 IST" name="HealthRecoverySolutionLinkTest" finished-at="2021-04-11T23:26:31 IST" duration-ms="167" status="PASS">
          <reporter-output>
          </reporter-output>
        </test-method> <!-- HealthRecoverySolutionLinkTest -->
        <test-method is-config="true" signature="tearDown()[pri:0, instance:com.hrs.qa.testcases.LoginPageTest@9353778]" started-at="2021-04-11T23:26:31 IST" name="tearDown" finished-at="2021-04-11T23:26:32 IST" duration-ms="897" status="PASS">
          <reporter-output>
          </reporter-output>
        </test-method> <!-- tearDown -->
      </class> <!-- com.hrs.qa.testcases.LoginPageTest -->
    </test> <!-- Default test -->
  </suite> <!-- Default suite -->
</testng-results>
